I 1 27080.813419643
E 0 2 7 0.736222710 94232490293760 16
E 0 3 7 0.736234932 94232490293792 16
E 0 4 7 0.736242056 94232490293824 16
E 0 5 7 0.736245409 94232490293856 16
E 0 6 7 0.736251625 94232490293888 16
E 0 7 7 0.736255466 94232490293920 16
E 0 8 7 0.736261612 94232490293952 16
E 0 9 7 0.736264964 94232490293984 16
E 0 10 7 0.736271110 94232490294016 16
E 0 11 7 0.736274463 94232490294048 16
L 1 12 1 1.188871513 1 16
L 1 13 1 1.188882967 94232490293792 16
L 1 14 1 1.188885830 4 16
L 1 15 1 1.188889253 0 16
L 1 16 1 1.188892116 0 16
L 1 17 1 1.188894910 94232490293856 16
L 1 18 1 1.188897703 2 16
L 1 19 1 1.188900567 0 16
L 1 20 1 1.188903849 1 16
L 1 21 1 1.188906783 94232490293920 16
L 1 22 1 1.188909576 3 16
L 1 23 1 1.188912021 0 16
L 1 24 1 1.188915373 2 16
L 1 25 1 1.188918307 94232490293984 16
L 1 26 1 1.188920751 4 16
L 1 27 1 1.188924034 0 16
L 1 28 1 1.188926897 0 16
L 1 29 1 1.188929691 94232490294048 16
L 1 30 1 1.188932484 3 16
L 1 31 1 1.188935348 0 16
E 1 32 0 1.188942053 94232490294080 8
E 1 33 0 1.188944916 94232490294088 8
E 1 34 0 1.188947849 94232490294096 8
E 1 35 0 1.188950783 94232490294104 8
E 1 36 0 1.188953646 94232490294112 8
L 1 37 0 1.188956929 94232490294088 8
L 1 38 0 1.188959303 94232490294096 8
E 1 39 0 1.188962586 94232490294088 8
E 1 40 0 1.188965380 94232490294096 8
L 1 41 0 1.188968243 94232490294104 8
L 1 42 0 1.188970548 94232490294112 8
E 1 43 0 1.188973411 94232490294104 8
E 1 44 0 1.188976205 94232490294112 8
L 1 45 0 1.188979069 94232490294080 8
L 1 46 0 1.188981513 94232490294088 8
E 1 47 0 1.188984377 94232490294080 8
E 1 48 0 1.188987240 94232490294088 8
L 1 49 0 1.188990104 94232490294096 8
L 1 50 0 1.188992897 94232490294104 8
E 1 51 0 1.188995691 94232490294096 8
E 1 52 0 1.188997996 94232490294104 8
L 1 53 0 1.189000859 94232490294088 8
L 1 54 0 1.189003723 94232490294096 8
E 1 55 0 1.189006516 94232490294088 8
E 1 56 0 1.189008891 94232490294096 8
L 1 57 0 1.189011754 94232490294104 8
L 1 58 0 1.189014688 94232490294112 8
E 1 59 0 1.189017551 94232490294104 8
E 1 60 0 1.189019926 94232490294112 8
L 1 61 0 1.189022859 94232490294080 8
L 1 62 0 1.189025234 94232490294088 8
E 1 63 0 1.189028097 94232490294080 8
E 1 64 0 1.189030891 94232490294088 8
L 1 65 0 1.189033754 94232490294096 8
L 1 66 0 1.189036059 94232490294104 8
E 1 67 0 1.189038923 94232490294096 8
E 1 68 0 1.189041786 94232490294104 8
L 1 69 0 1.189077615 94232490294080 8
L 1 70 0 1.189084808 94232490294088 8
L 1 71 0 1.189087672 94232490294096 8
L 1 72 0 1.189090535 94232490294104 8
L 1 73 0 1.189093399 94232490294112 8
L 2 74 0 1.189117704 94232490294080 8
L 2 75 0 1.189120567 94232490294088 8
L 2 76 0 1.189123361 94232490294096 8
L 2 77 0 1.189126294 94232490294104 8
L 2 78 0 1.189128669 94232490294112 8
F 79 27082.002553969 1.189134326
